\BOOKMARK [1][-]{Doc-Start}{\376\377\004\022\004\062\004\065\004\064\004\065\004\075\004\070\004\065}{}% 1
\BOOKMARK [1][-]{section.1}{\376\377\004\020\004\075\004\060\004\073\004\070\004\067\000\040\004\077\004\100\004\065\004\064\004\074\004\065\004\102\004\075\004\076\004\071\000\040\004\076\004\061\004\073\004\060\004\101\004\102\004\070\000\040\004\070\000\040\004\101\004\103\004\111\004\065\004\101\004\102\004\062\004\103\004\116\004\111\004\070\004\105\000\040\004\100\004\065\004\110\004\065\004\075\004\070\004\071}{}% 2
\BOOKMARK [2][-]{subsection.1.1}{\376\377\004\027\004\060\004\064\004\060\004\107\004\060\000\040\004\102\004\100\004\060\004\075\004\101\004\072\004\100\004\070\004\061\004\060\004\106\004\070\004\070\000\040\004\074\004\075\004\076\004\063\004\076\004\117\004\067\004\113\004\107\004\075\004\076\004\071\000\040\004\100\004\065\004\107\004\070}{section.1}% 3
\BOOKMARK [2][-]{subsection.1.2}{\376\377\004\036\004\061\004\067\004\076\004\100\000\040\004\074\004\065\004\102\004\076\004\064\004\076\004\062\000\040\004\070\000\040\004\074\004\076\004\064\004\065\004\073\004\065\004\071}{section.1}% 4
\BOOKMARK [3][-]{subsubsection.1.2.1}{\376\377\004\034\004\076\004\064\004\065\004\073\004\070\000\040\004\060\004\062\004\102\004\076\004\074\004\060\004\102\004\070\004\107\004\065\004\101\004\072\004\076\004\063\004\076\000\040\004\100\004\060\004\101\004\077\004\076\004\067\004\075\004\060\004\062\004\060\004\075\004\070\004\117\000\040\004\100\004\065\004\107\004\070}{subsection.1.2}% 5
\BOOKMARK [3][-]{subsubsection.1.2.2}{\376\377\004\034\004\076\004\064\004\065\004\073\004\070\000\040\004\064\004\070\004\060\004\100\004\070\004\067\004\060\004\106\004\070\004\070\000\040\004\101\004\077\004\070\004\072\004\065\004\100\004\076\004\062}{subsection.1.2}% 6
\BOOKMARK [3][-]{subsubsection.1.2.3}{\376\377\004\034\004\076\004\064\004\065\004\073\004\070\000\040\004\076\004\077\004\100\004\065\004\064\004\065\004\073\004\065\004\075\004\070\004\117\000\040\004\117\004\067\004\113\004\072\004\060}{subsection.1.2}% 7
\BOOKMARK [2][-]{subsection.1.3}{\376\377\004\020\004\075\004\060\004\073\004\070\004\067\000\040\004\101\004\103\004\111\004\065\004\101\004\102\004\062\004\103\004\116\004\111\004\070\004\105\000\040\004\100\004\065\004\110\004\065\004\075\004\070\004\071}{section.1}% 8
\BOOKMARK [2][-]{subsection.1.4}{\376\377\004\022\004\113\004\062\004\076\004\064\004\113\000\040\004\077\004\076\000\040\004\063\004\073\004\060\004\062\004\065\000\040\004\070\000\040\004\102\004\100\004\065\004\061\004\076\004\062\004\060\004\075\004\070\004\117\000\040\004\072\000\040\004\101\004\070\004\101\004\102\004\065\004\074\004\065}{section.1}% 9
\BOOKMARK [1][-]{section.2}{\376\377\004\037\004\100\004\076\004\065\004\072\004\102\004\070\004\100\004\076\004\062\004\060\004\075\004\070\004\065\000\040\004\060\004\100\004\105\004\070\004\102\004\065\004\072\004\102\004\103\004\100\004\113\000\040\004\101\004\070\004\101\004\102\004\065\004\074\004\113}{}% 10
\BOOKMARK [2][-]{subsection.2.1}{\376\377\004\036\004\061\004\111\004\060\004\117\000\040\004\060\004\100\004\105\004\070\004\102\004\065\004\072\004\102\004\103\004\100\004\060\000\040\004\101\004\070\004\101\004\102\004\065\004\074\004\113}{section.2}% 11
\BOOKMARK [2][-]{subsection.2.2}{\376\377\004\020\004\100\004\105\004\070\004\102\004\065\004\072\004\102\004\103\004\100\004\060\000\040\000p\000i\000p\000e\000l\000i\000n\000e\000\040\004\076\004\061\004\100\004\060\004\061\004\076\004\102\004\072\004\070}{section.2}% 12
\BOOKMARK [3][-]{subsubsection.2.2.1}{\376\377\004\030\004\075\004\102\004\065\004\100\004\104\004\065\004\071\004\101\000\040\004\115\004\102\004\060\004\077\004\060\000\040\004\076\004\061\004\100\004\060\004\061\004\076\004\102\004\072\004\070}{subsection.2.2}% 13
\BOOKMARK [3][-]{subsubsection.2.2.2}{\376\377\004\024\004\062\004\070\004\066\004\076\004\072\000\040\000p\000i\000p\000e\000l\000i\000n\000e}{subsection.2.2}% 14
\BOOKMARK [3][-]{subsubsection.2.2.3}{\376\377\004\032\004\076\004\075\004\102\004\065\004\072\004\101\004\102\000\040\004\062\004\113\004\077\004\076\004\073\004\075\004\065\004\075\004\070\004\117}{subsection.2.2}% 15
\BOOKMARK [3][-]{subsubsection.2.2.4}{\376\377\004\032\004\076\004\075\004\072\004\100\004\065\004\102\004\075\004\113\004\065\000\040\004\115\004\102\004\060\004\077\004\113\000\040\000p\000i\000p\000e\000l\000i\000n\000e}{subsection.2.2}% 16
\BOOKMARK [2][-]{subsection.2.3}{\376\377\004\034\004\076\004\064\004\065\004\073\004\114\000\040\004\064\004\060\004\075\004\075\004\113\004\105}{section.2}% 17
\BOOKMARK [3][-]{subsubsection.2.3.1}{\376\377\004\022\004\075\004\103\004\102\004\100\004\065\004\075\004\075\004\117\004\117\000\040\004\074\004\076\004\064\004\065\004\073\004\114\000\040\000\050\004\103\004\100\004\076\004\062\004\065\004\075\004\114\000\040\000p\000i\000p\000e\000l\000i\000n\000e\000\051}{subsection.2.3}% 18
\BOOKMARK [3][-]{subsubsection.2.3.2}{\376\377\004\022\004\075\004\065\004\110\004\075\004\117\004\117\000\040\004\074\004\076\004\064\004\065\004\073\004\114\000\040\000\050\004\103\004\100\004\076\004\062\004\065\004\075\004\114\000\040\000A\000P\000I\000\040\004\070\000\040\004\100\004\065\004\067\004\103\004\073\004\114\004\102\004\060\004\102\004\060\000\051}{subsection.2.3}% 19
\BOOKMARK [3][-]{subsubsection.2.3.3}{\376\377\004\032\004\076\004\075\004\104\004\070\004\063\004\103\004\100\004\060\004\106\004\070\004\117}{subsection.2.3}% 20
\BOOKMARK [2][-]{subsection.2.4}{\376\377\004\041\004\070\004\101\004\102\004\065\004\074\004\060\000\040\004\077\004\076\004\064\004\072\004\073\004\116\004\107\004\060\004\065\004\074\004\113\004\105\000\040\004\074\004\076\004\064\004\103\004\073\004\065\004\071\000\040\004\070\000\040\004\100\004\065\004\065\004\101\004\102\004\100\000\040\004\074\004\076\004\064\004\065\004\073\004\065\004\071}{section.2}% 21
\BOOKMARK [3][-]{subsubsection.2.4.1}{\376\377\004\020\004\061\004\101\004\102\004\100\004\060\004\072\004\102\004\075\004\113\004\065\000\040\004\070\004\075\004\102\004\065\004\100\004\104\004\065\004\071\004\101\004\113\000\040\004\074\004\076\004\064\004\065\004\073\004\065\004\071}{subsection.2.4}% 22
\BOOKMARK [3][-]{subsubsection.2.4.2}{\376\377\004\040\004\065\004\065\004\101\004\102\004\100\000\040\004\074\004\076\004\064\004\065\004\073\004\065\004\071}{subsection.2.4}% 23
\BOOKMARK [3][-]{subsubsection.2.4.3}{\376\377\004\034\004\065\004\105\004\060\004\075\004\070\004\067\004\074\000\040\004\067\004\060\004\063\004\100\004\103\004\067\004\072\004\070\000\040\004\077\004\076\004\064\004\072\004\073\004\116\004\107\004\060\004\065\004\074\004\113\004\105\000\040\004\074\004\076\004\064\004\103\004\073\004\065\004\071}{subsection.2.4}% 24
\BOOKMARK [2][-]{subsection.2.5}{\376\377\004\034\004\065\004\105\004\060\004\075\004\070\004\067\004\074\004\113\000\040\004\062\004\076\004\101\004\077\004\100\004\076\004\070\004\067\004\062\004\076\004\064\004\070\004\074\004\076\004\101\004\102\004\070\000\040\004\070\000\040\004\076\004\102\004\072\004\060\004\067\004\076\004\103\004\101\004\102\004\076\004\071\004\107\004\070\004\062\004\076\004\101\004\102\004\070}{section.2}% 25
\BOOKMARK [3][-]{subsubsection.2.5.1}{\376\377\004\030\004\064\004\065\004\075\004\102\004\070\004\104\004\070\004\072\004\060\004\102\004\076\004\100\000\040\004\067\004\060\004\077\004\103\004\101\004\072\004\060\000\040\004\070\000\040\004\101\004\102\004\100\004\103\004\072\004\102\004\103\004\100\004\060\000\040\004\105\004\100\004\060\004\075\004\065\004\075\004\070\004\117}{subsection.2.5}% 26
\BOOKMARK [3][-]{subsubsection.2.5.2}{\376\377\004\045\004\100\004\060\004\075\004\065\004\075\004\070\004\065\000\040\004\077\004\100\004\076\004\074\004\065\004\066\004\103\004\102\004\076\004\107\004\075\004\113\004\105\000\040\004\064\004\060\004\075\004\075\004\113\004\105}{subsection.2.5}% 27
\BOOKMARK [3][-]{subsubsection.2.5.3}{\376\377\004\041\004\076\004\101\004\102\004\076\004\117\004\075\004\070\004\065\000\040\000p\000i\000p\000e\000l\000i\000n\000e\000\040\004\070\000\040\004\062\004\076\004\067\004\076\004\061\004\075\004\076\004\062\004\073\004\065\004\075\004\070\004\065\000\040\004\076\004\061\004\100\004\060\004\061\004\076\004\102\004\072\004\070}{subsection.2.5}% 28
\BOOKMARK [3][-]{subsubsection.2.5.4}{\376\377\004\041\004\102\004\100\004\060\004\102\004\065\004\063\004\070\004\117\000\040\004\076\004\061\004\100\004\060\004\061\004\076\004\102\004\072\004\070\000\040\004\076\004\110\004\070\004\061\004\076\004\072}{subsection.2.5}% 29
\BOOKMARK [2][-]{subsection.2.6}{\376\377\004\041\004\076\004\061\004\113\004\102\004\070\004\071\004\075\004\060\004\117\000\040\004\074\004\076\004\064\004\065\004\073\004\114\000\040\004\070\000\040\004\062\004\067\004\060\004\070\004\074\004\076\004\064\004\065\004\071\004\101\004\102\004\062\004\070\004\065\000\040\004\101\000\040\004\063\004\100\004\060\004\104\004\070\004\107\004\065\004\101\004\072\004\070\004\074\000\040\004\070\004\075\004\102\004\065\004\100\004\104\004\065\004\071\004\101\004\076\004\074}{section.2}% 30
\BOOKMARK [3][-]{subsubsection.2.6.1}{\376\377\004\041\004\076\004\061\004\113\004\102\004\070\004\071\004\075\004\060\004\117\000\040\004\110\004\070\004\075\004\060}{subsection.2.6}% 31
\BOOKMARK [3][-]{subsubsection.2.6.2}{\376\377\004\020\004\064\004\060\004\077\004\102\004\065\004\100\000\040\004\064\004\073\004\117\000\040\004\063\004\100\004\060\004\104\004\070\004\107\004\065\004\101\004\072\004\076\004\063\004\076\000\040\004\070\004\075\004\102\004\065\004\100\004\104\004\065\004\071\004\101\004\060}{subsection.2.6}% 32
\BOOKMARK [2][-]{subsection.2.7}{\376\377\004\037\004\100\004\076\004\065\004\072\004\102\004\070\004\100\004\076\004\062\004\060\004\075\004\070\004\065\000\040\004\063\004\100\004\060\004\104\004\070\004\107\004\065\004\101\004\072\004\076\004\063\004\076\000\040\004\070\004\075\004\102\004\065\004\100\004\104\004\065\004\071\004\101\004\060}{section.2}% 33
\BOOKMARK [3][-]{subsubsection.2.7.1}{\376\377\004\036\004\061\004\076\004\101\004\075\004\076\004\062\004\060\004\075\004\070\004\065\000\040\004\062\004\113\004\061\004\076\004\100\004\060\000\040\000P\000y\000Q\000t\0006}{subsection.2.7}% 34
\BOOKMARK [3][-]{subsubsection.2.7.2}{\376\377\004\041\004\102\004\100\004\103\004\072\004\102\004\103\004\100\004\060\000\040\004\070\004\075\004\102\004\065\004\100\004\104\004\065\004\071\004\101\004\060}{subsection.2.7}% 35
\BOOKMARK [3][-]{subsubsection.2.7.3}{\376\377\004\041\004\106\004\065\004\075\004\060\004\100\004\070\004\071\000\040\004\070\004\101\004\077\004\076\004\073\004\114\004\067\004\076\004\062\004\060\004\075\004\070\004\117}{subsection.2.7}% 36
\BOOKMARK [2][-]{subsection.2.8}{\376\377\004\022\004\113\004\062\004\076\004\064\004\113\000\040\004\077\004\076\000\040\004\063\004\073\004\060\004\062\004\065}{section.2}% 37
\BOOKMARK [1][-]{section.3}{\376\377\004\027\004\060\004\072\004\073\004\116\004\107\004\065\004\075\004\070\004\065}{}% 38
\BOOKMARK [1][-]{section.3}{\376\377\004\037\004\100\004\070\004\073\004\076\004\066\004\065\004\075\004\070\004\117}{}% 39
\BOOKMARK [1][-]{appendix.A}{\376\377\004\030\004\101\004\105\004\076\004\064\004\075\004\113\004\071\000\040\004\072\004\076\004\064\000\040\004\072\004\073\004\116\004\107\004\065\004\062\004\113\004\105\000\040\004\074\004\076\004\064\004\103\004\073\004\065\004\071}{}% 40
\BOOKMARK [1][-]{appendix.B}{\376\377\004\032\004\076\004\075\004\104\004\070\004\063\004\103\004\100\004\060\004\106\004\070\004\076\004\075\004\075\004\113\004\065\000\040\004\104\004\060\004\071\004\073\004\113}{}% 41
\BOOKMARK [1][-]{appendix.C}{\376\377\004\041\004\072\004\100\004\070\004\075\004\110\004\076\004\102\004\113\000\040\004\070\004\075\004\102\004\065\004\100\004\104\004\065\004\071\004\101\004\060}{}% 42
\BOOKMARK [1][-]{appendix.D}{\376\377\004\040\004\065\004\067\004\103\004\073\004\114\004\102\004\060\004\102\004\113\000\040\004\115\004\072\004\101\004\077\004\065\004\100\004\070\004\074\004\065\004\075\004\102\004\076\004\062}{}% 43
\BOOKMARK [1][-]{appendix.E}{\376\377\004\020\004\072\004\102\000\040\004\062\004\075\004\065\004\064\004\100\004\065\004\075\004\070\004\117\000\040\000/\000\040\004\101\004\077\004\100\004\060\004\062\004\072\004\060\000\040\004\076\004\061\000\040\004\070\004\101\004\077\004\076\004\073\004\114\004\067\004\076\004\062\004\060\004\075\004\070\004\070}{}% 44
